Train ID 	: trans01 
Dataset 	: abide_caltech
The code runs deterministicaly.
/itet-stor/gtombak/net_scratch/conda_envs/pytcu10/lib/python3.8/site-packages/torchvision/transforms/functional.py:132: UserWarning: The given NumPy array is not writeable, and PyTorch does not support non-writeable tensors. This means you can write to the underlying (supposedly non-writeable) NumPy array using the tensor. You may want to copy the array to protect its data or make it writeable before converting it to a tensor. This type of warning will be suppressed for the rest of this program. (Triggered internally at  /opt/conda/conda-bld/pytorch_1616554786078/work/torch/csrc/utils/tensor_numpy.cpp:143.)
  img = torch.from_numpy(np.array(pic, np.float32, copy=False))
epoch:0 - loss_tr: 0.9955013836 loss_val: 0.6085593939 - dice_tr: 0.2036913526 dice_val: 0.6306495381 - Last Saved
epoch:1 - loss_tr: 0.4779938885 loss_val: 0.4953124860 - dice_tr: 0.2886145548 dice_val: 0.6464069408 - Last Saved
epoch:2 - loss_tr: 0.4009751812 loss_val: 0.4527796637 - dice_tr: 0.3495818789 dice_val: 0.7062594149 - Last Saved
epoch:3 - loss_tr: 0.3611446325 loss_val: 0.4520644352 - dice_tr: 0.4101121569 dice_val: 0.7413341355 - Last Saved
epoch:4 - loss_tr: 0.3384264081 loss_val: 0.4416350234 - dice_tr: 0.4472447979 dice_val: 0.7667596432 - Last Saved
epoch:5 - loss_tr: 0.3186648950 loss_val: 0.4265320413 - dice_tr: 0.4671922612 dice_val: 0.7092131854 - Last Saved
epoch:6 - loss_tr: 0.2686532061 loss_val: 0.4152867245 - dice_tr: 0.5611098312 dice_val: 0.6241995545 - Last Saved
epoch:7 - loss_tr: 0.2237075893 loss_val: 0.4103213853 - dice_tr: 0.6557650803 dice_val: 0.6097928906 - Last Saved
epoch:8 - loss_tr: 0.2004601541 loss_val: 0.3915572464 - dice_tr: 0.6698590553 dice_val: 0.7457925179 - Last Saved
epoch:9 - loss_tr: 0.1840366472 loss_val: 0.3839276558 - dice_tr: 0.7120778807 dice_val: 0.7355426559 - Last Saved
epoch:10 - loss_tr: 0.1732861581 loss_val: 0.3821287326 - dice_tr: 0.7328823466 dice_val: 0.7580531889 - Last Saved
epoch:11 - loss_tr: 0.1723128062 loss_val: 0.3858729408 - dice_tr: 0.7443252360 dice_val: 0.8252720654
epoch:12 - loss_tr: 0.1664636318 loss_val: 0.3931261460 - dice_tr: 0.7566669674 dice_val: 0.7312875660
epoch:13 - loss_tr: 0.1656988046 loss_val: 0.3777612952 - dice_tr: 0.7615340034 dice_val: 0.8166618016 - Last Saved
epoch:14 - loss_tr: 0.1653195114 loss_val: 0.3831747570 - dice_tr: 0.7751737138 dice_val: 0.6535284387
epoch:15 - loss_tr: 0.1623534863 loss_val: 0.3805547459 - dice_tr: 0.7795880392 dice_val: 0.8213798024
epoch:16 - loss_tr: 0.1634143479 loss_val: 0.3884232779 - dice_tr: 0.7770208851 dice_val: 0.7791108101
epoch:17 - loss_tr: 0.1514517049 loss_val: 0.3787712458 - dice_tr: 0.7944415932 dice_val: 0.7305641205
epoch:18 - loss_tr: 0.1580755586 loss_val: 0.3782664152 - dice_tr: 0.7975665931 dice_val: 0.7928146000
epoch:19 - loss_tr: 0.1500433083 loss_val: 0.3757712232 - dice_tr: 0.8094360458 dice_val: 0.8103427032 - Last Saved
epoch:20 - loss_tr: 0.1512421571 loss_val: 0.3604967597 - dice_tr: 0.8173316808 dice_val: 0.7246234583 - Last Saved
epoch:21 - loss_tr: 0.1578780902 loss_val: 0.3032686174 - dice_tr: 0.7832662751 dice_val: 0.7947223813 - Last Saved
epoch:22 - loss_tr: 0.1537244618 loss_val: 0.2790656016 - dice_tr: 0.7672954114 dice_val: 0.8080335793 - Last Saved
epoch:23 - loss_tr: 0.1493390484 loss_val: 0.2379622549 - dice_tr: 0.7698392533 dice_val: 0.7079519260 - Last Saved
epoch:24 - loss_tr: 0.1382335457 loss_val: 0.2087945638 - dice_tr: 0.7839013692 dice_val: 0.7134644037 - Last Saved
epoch:25 - loss_tr: 0.1236357750 loss_val: 0.1822725169 - dice_tr: 0.7887648225 dice_val: 0.7552146682 - Last Saved
epoch:26 - loss_tr: 0.1203363291 loss_val: 0.1537774872 - dice_tr: 0.7926222590 dice_val: 0.8217418412 - Last Saved
epoch:27 - loss_tr: 0.1140709403 loss_val: 0.1347078173 - dice_tr: 0.7950367651 dice_val: 0.8020635407 - Last Saved
epoch:28 - loss_tr: 0.1129382043 loss_val: 0.1490386892 - dice_tr: 0.7956244381 dice_val: 0.7699627035
epoch:29 - loss_tr: 0.1005134242 loss_val: 0.1511005105 - dice_tr: 0.8143101404 dice_val: 0.7557236422
epoch:30 - loss_tr: 0.1077826334 loss_val: 0.2085203403 - dice_tr: 0.8043512121 dice_val: 0.6789330862
epoch:31 - loss_tr: 0.1028235026 loss_val: 0.1143373608 - dice_tr: 0.8135861566 dice_val: 0.8291623137 - Last Saved
epoch:32 - loss_tr: 0.0964549900 loss_val: 0.1560122752 - dice_tr: 0.8220182464 dice_val: 0.8152264480
epoch:33 - loss_tr: 0.1012801706 loss_val: 0.1421874328 - dice_tr: 0.8149706626 dice_val: 0.8201012505
epoch:34 - loss_tr: 0.0964186426 loss_val: 0.1308164764 - dice_tr: 0.8209085609 dice_val: 0.7976134114
epoch:35 - loss_tr: 0.0993985533 loss_val: 0.1140895779 - dice_tr: 0.8147234859 dice_val: 0.8184780206 - Last Saved
epoch:36 - loss_tr: 0.1004989971 loss_val: 0.1173891009 - dice_tr: 0.8094751598 dice_val: 0.8152663945
epoch:37 - loss_tr: 0.0960568854 loss_val: 0.1492623214 - dice_tr: 0.8220672439 dice_val: 0.7712386135
epoch:38 - loss_tr: 0.1003600385 loss_val: 0.2307353876 - dice_tr: 0.8130086821 dice_val: 0.7341706622
epoch:39 - loss_tr: 0.0988682435 loss_val: 0.1917905295 - dice_tr: 0.8202629511 dice_val: 0.7683371696
epoch:40 - loss_tr: 0.1025099803 loss_val: 0.1118708234 - dice_tr: 0.8105709879 dice_val: 0.8063938314 - Last Saved
epoch:41 - loss_tr: 0.0896951789 loss_val: 0.1287115695 - dice_tr: 0.8352550117 dice_val: 0.7579689731
epoch:42 - loss_tr: 0.1074918144 loss_val: 0.1941129693 - dice_tr: 0.8080596654 dice_val: 0.7847764821
epoch:43 - loss_tr: 0.0936350171 loss_val: 0.1096338775 - dice_tr: 0.8243131413 dice_val: 0.8343697580 - Last Saved
epoch:44 - loss_tr: 0.0931307437 loss_val: 0.1040599392 - dice_tr: 0.8270950882 dice_val: 0.8505186860 - Last Saved
epoch:45 - loss_tr: 0.0852511761 loss_val: 0.1046922224 - dice_tr: 0.8426217077 dice_val: 0.8289368790
epoch:46 - loss_tr: 0.0923789012 loss_val: 0.1355095299 - dice_tr: 0.8227772260 dice_val: 0.7828352766
epoch:47 - loss_tr: 0.0939467224 loss_val: 0.1010451279 - dice_tr: 0.8238546456 dice_val: 0.8288030397 - Last Saved
epoch:48 - loss_tr: 0.0895797529 loss_val: 0.0952377169 - dice_tr: 0.8276620887 dice_val: 0.8449763434 - Last Saved
epoch:49 - loss_tr: 0.0881626390 loss_val: 0.1037221817 - dice_tr: 0.8316066891 dice_val: 0.8075119352
epoch:50 - loss_tr: 0.0947371894 loss_val: 0.1141762726 - dice_tr: 0.8216016857 dice_val: 0.8044351328
epoch:51 - loss_tr: 0.0900891108 loss_val: 0.1099361136 - dice_tr: 0.8294545955 dice_val: 0.8119761481
epoch:52 - loss_tr: 0.0821551976 loss_val: 0.0985201467 - dice_tr: 0.8459800414 dice_val: 0.8303994986
epoch:53 - loss_tr: 0.0879674305 loss_val: 0.1094882093 - dice_tr: 0.8346760901 dice_val: 0.8485975790
epoch:54 - loss_tr: 0.0870777952 loss_val: 0.1219801091 - dice_tr: 0.8401934128 dice_val: 0.7613148552
epoch:55 - loss_tr: 0.0907478608 loss_val: 0.0909984680 - dice_tr: 0.8322274056 dice_val: 0.8564893780 - Last Saved
epoch:56 - loss_tr: 0.0884514077 loss_val: 0.2133623294 - dice_tr: 0.8335702585 dice_val: 0.6752256631
epoch:57 - loss_tr: 0.0864410164 loss_val: 0.0796066329 - dice_tr: 0.8373522249 dice_val: 0.8581422793 - Last Saved
epoch:58 - loss_tr: 0.0946556836 loss_val: 0.0997434064 - dice_tr: 0.8282689161 dice_val: 0.7978056462
epoch:59 - loss_tr: 0.0770362282 loss_val: 0.0803737562 - dice_tr: 0.8508904094 dice_val: 0.8537811473
epoch:60 - loss_tr: 0.0838386442 loss_val: 0.1911667221 - dice_tr: 0.8422177465 dice_val: 0.7878782509
epoch:61 - loss_tr: 0.0830919773 loss_val: 0.1060844352 - dice_tr: 0.8430548726 dice_val: 0.8225917346
epoch:62 - loss_tr: 0.0787830167 loss_val: 0.1180472761 - dice_tr: 0.8487134577 dice_val: 0.7879630434
epoch:63 - loss_tr: 0.0820042638 loss_val: 0.1031568560 - dice_tr: 0.8455887847 dice_val: 0.8241813273
epoch:64 - loss_tr: 0.0785115209 loss_val: 0.0818048892 - dice_tr: 0.8511548011 dice_val: 0.8635306719
epoch:65 - loss_tr: 0.0752452663 loss_val: 0.0915312919 - dice_tr: 0.8551549101 dice_val: 0.8302713724
epoch:66 - loss_tr: 0.0723786192 loss_val: 0.0739930389 - dice_tr: 0.8538432260 dice_val: 0.8629116893 - Last Saved
epoch:67 - loss_tr: 0.0732954548 loss_val: 0.0761037615 - dice_tr: 0.8564463169 dice_val: 0.8572463038
epoch:68 - loss_tr: 0.0731173035 loss_val: 0.0780453618 - dice_tr: 0.8584387567 dice_val: 0.8597160121
epoch:69 - loss_tr: 0.0794776617 loss_val: 0.1263315816 - dice_tr: 0.8455127704 dice_val: 0.7825549013
epoch:70 - loss_tr: 0.0851192428 loss_val: 0.0998484506 - dice_tr: 0.8396833959 dice_val: 0.7993021818
epoch:71 - loss_tr: 0.0709940450 loss_val: 0.0743481502 - dice_tr: 0.8607520417 dice_val: 0.8541443805
epoch:72 - loss_tr: 0.0723107884 loss_val: 0.0743469919 - dice_tr: 0.8579281852 dice_val: 0.8501811976
epoch:73 - loss_tr: 0.0694564166 loss_val: 0.0833688306 - dice_tr: 0.8637867887 dice_val: 0.8539237435
epoch:74 - loss_tr: 0.0785974943 loss_val: 0.0981051954 - dice_tr: 0.8496722060 dice_val: 0.8104153399
epoch:75 - loss_tr: 0.0853173887 loss_val: 0.0783140403 - dice_tr: 0.8372686718 dice_val: 0.8462609060
epoch:76 - loss_tr: 0.0714187071 loss_val: 0.0851757925 - dice_tr: 0.8585908418 dice_val: 0.8498676970
epoch:77 - loss_tr: 0.0724950434 loss_val: 0.0987090200 - dice_tr: 0.8549882497 dice_val: 0.8605811436
epoch:78 - loss_tr: 0.0723716279 loss_val: 0.0819637837 - dice_tr: 0.8557645684 dice_val: 0.8319904678
epoch:79 - loss_tr: 0.0733530656 loss_val: 0.0973347304 - dice_tr: 0.8537547298 dice_val: 0.8464599001
epoch:80 - loss_tr: 0.0791632486 loss_val: 0.1049031403 - dice_tr: 0.8467401783 dice_val: 0.8340286445
epoch:81 - loss_tr: 0.0697055685 loss_val: 0.0819765345 - dice_tr: 0.8622407356 dice_val: 0.8507047386
epoch:82 - loss_tr: 0.0672704968 loss_val: 0.0994659529 - dice_tr: 0.8652915356 dice_val: 0.8168225598
epoch:83 - loss_tr: 0.0665922159 loss_val: 0.0733099447 - dice_tr: 0.8654081525 dice_val: 0.8554192588 - Last Saved
epoch:84 - loss_tr: 0.0737286325 loss_val: 0.0800404878 - dice_tr: 0.8572086649 dice_val: 0.8616965700
epoch:85 - loss_tr: 0.0805537284 loss_val: 0.0930245474 - dice_tr: 0.8397514603 dice_val: 0.8458616402
epoch:86 - loss_tr: 0.0692464370 loss_val: 0.0801036541 - dice_tr: 0.8616833885 dice_val: 0.8690513854
epoch:87 - loss_tr: 0.0717925048 loss_val: 0.0977579764 - dice_tr: 0.8554799607 dice_val: 0.8492158694
epoch:88 - loss_tr: 0.0683901400 loss_val: 0.0815401139 - dice_tr: 0.8651362652 dice_val: 0.8589965574
epoch:89 - loss_tr: 0.0781636330 loss_val: 0.0944677453 - dice_tr: 0.8493409097 dice_val: 0.8605675975
epoch:90 - loss_tr: 0.0706105369 loss_val: 0.0749830345 - dice_tr: 0.8570131247 dice_val: 0.8546713159
epoch:91 - loss_tr: 0.0646736027 loss_val: 0.0799346806 - dice_tr: 0.8740545432 dice_val: 0.8566014784
epoch:92 - loss_tr: 0.0697044111 loss_val: 0.0751649484 - dice_tr: 0.8629530823 dice_val: 0.8708308632
epoch:93 - loss_tr: 0.0764698143 loss_val: 0.0812044687 - dice_tr: 0.8506837917 dice_val: 0.8333507417
epoch:94 - loss_tr: 0.0734333397 loss_val: 0.1024495453 - dice_tr: 0.8529365834 dice_val: 0.8425636910
epoch:95 - loss_tr: 0.0695597983 loss_val: 0.0826175083 - dice_tr: 0.8607941192 dice_val: 0.8574368851
epoch:96 - loss_tr: 0.0738675093 loss_val: 0.0926498434 - dice_tr: 0.8586795340 dice_val: 0.8185053276
epoch:97 - loss_tr: 0.0662452287 loss_val: 0.0742619503 - dice_tr: 0.8668392643 dice_val: 0.8621240591
epoch:98 - loss_tr: 0.0679463031 loss_val: 0.0742153076 - dice_tr: 0.8619395842 dice_val: 0.8643773963
epoch:99 - loss_tr: 0.0672800053 loss_val: 0.0933887978 - dice_tr: 0.8632838752 dice_val: 0.8482484484
epoch:100 - loss_tr: 0.0665457630 loss_val: 0.0919950827 - dice_tr: 0.8643007036 dice_val: 0.8516721216
epoch:101 - loss_tr: 0.0704454263 loss_val: 0.1439337324 - dice_tr: 0.8609364391 dice_val: 0.7947685770
epoch:102 - loss_tr: 0.0707340757 loss_val: 0.1211386452 - dice_tr: 0.8596040249 dice_val: 0.8425558884
epoch:103 - loss_tr: 0.0672532389 loss_val: 0.0784369360 - dice_tr: 0.8673625727 dice_val: 0.8550431466
epoch:104 - loss_tr: 0.0623942793 loss_val: 0.0662766760 - dice_tr: 0.8730539519 dice_val: 0.8638365972 - Last Saved
epoch:105 - loss_tr: 0.0655344049 loss_val: 0.1281780770 - dice_tr: 0.8680829512 dice_val: 0.8052811463
epoch:106 - loss_tr: 0.0765949595 loss_val: 0.1155254349 - dice_tr: 0.8492199329 dice_val: 0.8344873416
epoch:107 - loss_tr: 0.0690514480 loss_val: 0.0933432576 - dice_tr: 0.8600936904 dice_val: 0.8433823822
epoch:108 - loss_tr: 0.0692972381 loss_val: 0.0690425075 - dice_tr: 0.8621084280 dice_val: 0.8549085280
epoch:109 - loss_tr: 0.0615189807 loss_val: 0.0676373028 - dice_tr: 0.8751737941 dice_val: 0.8517868413
epoch:110 - loss_tr: 0.0685451342 loss_val: 0.0732917073 - dice_tr: 0.8637760631 dice_val: 0.8576038412
epoch:111 - loss_tr: 0.0661406425 loss_val: 0.0919356972 - dice_tr: 0.8639678242 dice_val: 0.8116379081
epoch:112 - loss_tr: 0.0635680810 loss_val: 0.0804587091 - dice_tr: 0.8682423563 dice_val: 0.8502478121
epoch:113 - loss_tr: 0.0644544579 loss_val: 0.0887220880 - dice_tr: 0.8687718773 dice_val: 0.8491015195
